<?xml version="1.0" encoding="UTF-8"?>
<testsuite name="com.kainos.misc.AaltoTest" tests="1" skipped="0" failures="0" errors="0" timestamp="2017-10-17T10:32:57" hostname="fortuna.local" time="0.073">
  <properties/>
  <testcase name="testAalto" classname="com.kainos.misc.AaltoTest" time="0.073"/>
  <system-out><![CDATA[urn:hgl:patientview:scm:procedure
urn:hgl:patientview:scm:riskswarning
urn:hgl:patientview:scm:examination
urn:hgl:patientview:scm:problem
urn:hgl:patientview:scm:investigation
urn:hgl:patientview:scm:diagnosis
urn:hgl:patientview:scm:summary
urn:hgl:patientview:scm:patientdetail
urn:hgl:patientview:scm:event
urn:hgl:patientview:scm:medication
urn:hgl:patientdata:eol:check_code_exists
urn:hgl:patientview:eol:supportivecare
]]></system-out>
  <system-err><![CDATA[]]></system-err>
</testsuite>
